[2025/08/24 17:38:29.028] - web3_clientVersion
[2025/08/24 17:39:51.853] - eth_call
[2025/08/24 17:39:51.939] - eth_getTransactionCount
[2025/08/24 17:39:51.973] - eth_sendRawTransaction
[2025/08/24 17:39:52.148] - 
  Transaction: 0x6c089488a9100ab714946c29c26fe99a13f5d1d7bb7da3565ee4bf7e4fe75f57
  Gas usage: 440401
  Block number: 18
  Block time: Sun Aug 24 2025 17:39:51 GMT-0400 (Eastern Daylight Time)

[2025/08/24 17:39:52.155] - eth_getTransactionReceipt
[2025/08/24 17:39:52.171] - eth_call
[2025/08/24 17:39:52.182] - eth_getBalance
[2025/08/24 17:39:52.187] - eth_getTransactionCount
[2025/08/24 17:39:52.189] - eth_getBalance
[2025/08/24 17:39:52.195] - eth_getTransactionCount
[2025/08/24 17:39:52.199] - eth_getBalance
[2025/08/24 17:39:52.205] - eth_getTransactionCount
[2025/08/24 17:39:52.209] - eth_getBalance
[2025/08/24 17:39:52.213] - eth_getTransactionCount
[2025/08/24 17:39:52.217] - eth_getBalance
[2025/08/24 17:39:52.221] - eth_getTransactionCount
[2025/08/24 17:39:52.222] - eth_getBlockByNumber
[2025/08/24 17:39:52.226] - eth_getBalance
[2025/08/24 17:39:52.229] - eth_getTransactionCount
[2025/08/24 17:39:52.233] - eth_getBalance
[2025/08/24 17:39:52.236] - eth_getTransactionCount
[2025/08/24 17:39:52.239] - eth_getBalance
[2025/08/24 17:39:52.243] - eth_getTransactionCount
[2025/08/24 17:39:52.246] - eth_getBalance
[2025/08/24 17:39:52.254] - eth_getTransactionCount
[2025/08/24 17:39:52.261] - eth_getBalance
[2025/08/24 17:39:52.264] - eth_getTransactionCount
[2025/08/24 17:45:45.876] - web3_clientVersion
[2025/08/24 17:48:07.207] - web3_clientVersion
[2025/08/24 17:50:36.839] - web3_clientVersion
[2025/08/24 18:06:33.880] - web3_clientVersion
[2025/08/24 18:18:17.629] - web3_clientVersion
[2025/08/24 18:22:43.870] - web3_clientVersion
[2025/08/24 18:29:47.596] - web3_clientVersion
[2025/08/24 18:30:54.464] - web3_clientVersion
[2025/08/24 18:31:05.401] - web3_clientVersion
[2025/08/24 18:42:18.907] - web3_clientVersion
[2025/08/24 18:43:34.051] - eth_call
[2025/08/24 18:43:34.096] - eth_getTransactionCount
[2025/08/24 18:43:34.142] - eth_sendRawTransaction
[2025/08/24 18:43:34.198] - 
  Transaction: 0x5003da09303c1f7370cab639031df9a976cdf001974c2707944c30f60bfa8991
  Gas usage: 122952
  Block number: 19
  Block time: Sun Aug 24 2025 18:43:34 GMT-0400 (Eastern Daylight Time)

[2025/08/24 18:43:34.203] - eth_getTransactionReceipt
[2025/08/24 18:43:34.211] - eth_getBlockByNumber
[2025/08/24 18:43:34.219] - eth_getBalance
[2025/08/24 18:43:34.221] - eth_call
[2025/08/24 18:43:34.224] - eth_getTransactionCount
[2025/08/24 18:43:34.226] - eth_getBalance
[2025/08/24 18:43:34.230] - eth_getTransactionCount
[2025/08/24 18:43:34.235] - eth_getBalance
[2025/08/24 18:43:34.242] - eth_getTransactionCount
[2025/08/24 18:43:34.250] - eth_getBalance
[2025/08/24 18:43:34.254] - eth_getTransactionCount
[2025/08/24 18:43:34.257] - eth_getBalance
[2025/08/24 18:43:34.261] - eth_getTransactionCount
[2025/08/24 18:43:34.264] - eth_getBalance
[2025/08/24 18:43:34.267] - eth_getTransactionCount
[2025/08/24 18:43:34.270] - eth_getBalance
[2025/08/24 18:43:34.273] - eth_getTransactionCount
[2025/08/24 18:43:34.278] - eth_getBalance
[2025/08/24 18:43:34.285] - eth_getTransactionCount
[2025/08/24 18:43:34.288] - eth_getBalance
[2025/08/24 18:43:34.292] - eth_getTransactionCount
[2025/08/24 18:43:34.300] - eth_getBalance
[2025/08/24 18:43:34.304] - eth_getTransactionCount
[2025/08/24 19:10:25.978] - web3_clientVersion
[2025/08/24 19:13:35.098] - eth_call
[2025/08/24 19:13:35.132] - eth_getTransactionCount
[2025/08/24 19:13:35.174] - eth_sendRawTransaction
[2025/08/24 19:13:35.260] - 
  Transaction: 0xbd613010b008341b0af185cc540443eb73ec7e63829330cbb826fa9975534ffa
  Gas usage: 349525
  Block number: 20
  Block time: Sun Aug 24 2025 19:13:35 GMT-0400 (Eastern Daylight Time)

[2025/08/24 19:13:35.266] - eth_getTransactionReceipt
[2025/08/24 19:13:35.268] - eth_getBlockByNumber
[2025/08/24 19:13:35.273] - eth_getBalance
[2025/08/24 19:13:35.280] - eth_getTransactionCount
[2025/08/24 19:13:35.282] - eth_call
[2025/08/24 19:13:35.286] - eth_getBalance
[2025/08/24 19:13:35.289] - eth_getTransactionCount
[2025/08/24 19:13:35.294] - eth_getBalance
[2025/08/24 19:13:35.297] - eth_getTransactionCount
[2025/08/24 19:13:35.301] - eth_getBalance
[2025/08/24 19:13:35.306] - eth_getTransactionCount
[2025/08/24 19:13:35.312] - eth_getBalance
[2025/08/24 19:13:35.318] - eth_getTransactionCount
[2025/08/24 19:13:35.322] - eth_getBalance
[2025/08/24 19:13:35.327] - eth_getTransactionCount
[2025/08/24 19:13:35.331] - eth_getBalance
[2025/08/24 19:13:35.335] - eth_getTransactionCount
[2025/08/24 19:13:35.339] - eth_getBalance
[2025/08/24 19:13:35.345] - eth_getTransactionCount
[2025/08/24 19:13:35.348] - eth_getBalance
[2025/08/24 19:13:35.359] - eth_getTransactionCount
[2025/08/24 19:13:35.362] - eth_getBalance
[2025/08/24 19:13:35.365] - eth_getTransactionCount
[2025/08/24 19:23:42.359] - eth_getTransactionCount
[2025/08/24 19:23:42.377] - eth_sendRawTransaction
[2025/08/24 19:23:42.417] - 
  Transaction: 0x0c3bd1693570d9f696169d6ff2d06b0f9dcf98f12219e7bbe349d27a2ab7caa7
  Gas usage: 73492
  Block number: 21
  Block time: Sun Aug 24 2025 19:23:42 GMT-0400 (Eastern Daylight Time)

[2025/08/24 19:23:42.424] - eth_getTransactionReceipt
[2025/08/24 19:23:42.430] - eth_getBalance
[2025/08/24 19:23:42.432] - eth_getBlockByNumber
[2025/08/24 19:23:42.435] - eth_getTransactionCount
[2025/08/24 19:23:42.436] - eth_getBalance
[2025/08/24 19:23:42.442] - eth_getTransactionCount
[2025/08/24 19:23:42.448] - eth_getBalance
[2025/08/24 19:23:42.451] - eth_getTransactionCount
[2025/08/24 19:23:42.455] - eth_getBalance
[2025/08/24 19:23:42.459] - eth_getTransactionCount
[2025/08/24 19:23:42.462] - eth_getBalance
[2025/08/24 19:23:42.465] - eth_getTransactionCount
[2025/08/24 19:23:42.467] - eth_getBalance
[2025/08/24 19:23:42.470] - eth_getTransactionCount
[2025/08/24 19:23:42.474] - eth_getBalance
[2025/08/24 19:23:42.477] - eth_getTransactionCount
[2025/08/24 19:23:42.479] - eth_getBalance
[2025/08/24 19:23:42.482] - eth_getTransactionCount
[2025/08/24 19:23:42.485] - eth_getBalance
[2025/08/24 19:23:42.489] - eth_getTransactionCount
[2025/08/24 19:23:42.492] - eth_getBalance
[2025/08/24 19:23:42.494] - eth_getTransactionCount
[2025/08/24 19:29:50.831] - web3_clientVersion
