[2025/08/23 18:09:11.758] - eth_getCode
[2025/08/23 18:09:11.830] - eth_getCode
[2025/08/23 18:09:11.854] - eth_call
[2025/08/23 18:09:12.051] - eth_newFilter
[2025/08/23 18:09:12.055] - eth_getFilterLogs
[2025/08/23 18:09:12.071] - eth_getFilterChanges
[2025/08/23 18:09:27.084] - eth_getFilterChanges
[2025/08/23 18:09:42.079] - eth_getFilterChanges
[2025/08/23 18:09:57.086] - eth_getFilterChanges
[2025/08/23 18:10:12.083] - eth_getFilterChanges
[2025/08/23 18:10:27.075] - eth_getFilterChanges
[2025/08/23 18:10:37.161] - eth_call
[2025/08/23 18:10:42.077] - eth_getFilterChanges
[2025/08/23 18:10:57.072] - eth_getFilterChanges
[2025/08/23 18:11:12.071] - eth_getFilterChanges
[2025/08/23 18:11:27.076] - eth_getFilterChanges
[2025/08/23 18:11:42.075] - eth_getFilterChanges
[2025/08/23 18:11:57.083] - eth_getFilterChanges
[2025/08/23 18:12:12.070] - eth_getFilterChanges
[2025/08/23 18:12:27.083] - eth_getFilterChanges
[2025/08/23 18:12:42.071] - eth_getFilterChanges
[2025/08/23 18:12:57.075] - eth_getFilterChanges
[2025/08/23 18:13:12.083] - eth_getFilterChanges
[2025/08/23 18:13:27.083] - eth_getFilterChanges
[2025/08/23 18:13:42.080] - eth_getFilterChanges
[2025/08/23 18:13:57.075] - eth_getFilterChanges
[2025/08/23 18:14:12.080] - eth_getFilterChanges
[2025/08/23 18:14:27.082] - eth_getFilterChanges
[2025/08/23 18:14:42.082] - eth_getFilterChanges
[2025/08/23 18:14:57.070] - eth_getFilterChanges
[2025/08/23 18:15:12.079] - eth_getFilterChanges
[2025/08/23 18:15:27.074] - eth_getFilterChanges
[2025/08/23 18:15:42.074] - eth_getFilterChanges
[2025/08/23 18:15:57.079] - eth_getFilterChanges
[2025/08/23 18:16:12.083] - eth_getFilterChanges
[2025/08/23 18:16:27.069] - eth_getFilterChanges
[2025/08/23 18:16:42.081] - eth_getFilterChanges
[2025/08/23 18:16:57.073] - eth_getFilterChanges
[2025/08/23 18:17:12.079] - eth_getFilterChanges
[2025/08/23 18:17:27.074] - eth_getFilterChanges
[2025/08/23 18:17:42.077] - eth_getFilterChanges
[2025/08/23 18:17:57.082] - eth_getFilterChanges
[2025/08/23 18:18:12.071] - eth_getFilterChanges
[2025/08/23 18:18:27.084] - eth_getFilterChanges
[2025/08/23 18:18:42.077] - eth_getFilterChanges
[2025/08/23 18:18:57.079] - eth_getFilterChanges
[2025/08/23 18:18:57.637] - eth_call
[2025/08/23 18:19:12.074] - eth_getFilterChanges
[2025/08/23 18:19:27.073] - eth_getFilterChanges
[2025/08/23 18:19:42.077] - eth_getFilterChanges
[2025/08/23 18:19:57.077] - eth_getFilterChanges
[2025/08/23 18:20:12.080] - eth_getFilterChanges
[2025/08/23 18:20:27.080] - eth_getFilterChanges
[2025/08/23 18:20:42.077] - eth_getFilterChanges
[2025/08/23 18:20:57.072] - eth_getFilterChanges
[2025/08/23 18:21:12.075] - eth_getFilterChanges
[2025/08/23 18:21:27.070] - eth_getFilterChanges
[2025/08/23 18:21:42.082] - eth_getFilterChanges
[2025/08/23 18:21:57.083] - eth_getFilterChanges
[2025/08/23 18:22:12.079] - eth_getFilterChanges
[2025/08/23 18:22:27.073] - eth_getFilterChanges
[2025/08/23 18:22:42.071] - eth_getFilterChanges
[2025/08/23 18:22:57.076] - eth_getFilterChanges
[2025/08/23 18:23:12.074] - eth_getFilterChanges
[2025/08/23 18:23:27.077] - eth_getFilterChanges
[2025/08/23 18:23:42.082] - eth_getFilterChanges
[2025/08/23 18:23:57.085] - eth_getFilterChanges
[2025/08/23 18:24:12.083] - eth_getFilterChanges
[2025/08/23 18:24:27.084] - eth_getFilterChanges
[2025/08/23 18:24:42.079] - eth_getFilterChanges
[2025/08/23 18:24:57.075] - eth_getFilterChanges
[2025/08/23 18:25:12.076] - eth_getFilterChanges
[2025/08/23 18:25:27.074] - eth_getFilterChanges
[2025/08/23 18:25:42.081] - eth_getFilterChanges
[2025/08/23 18:25:57.077] - eth_getFilterChanges
[2025/08/23 18:26:12.083] - eth_getFilterChanges
[2025/08/23 18:26:27.082] - eth_getFilterChanges
[2025/08/23 18:26:42.087] - eth_getFilterChanges
[2025/08/23 18:26:57.083] - eth_getFilterChanges
[2025/08/23 18:27:12.083] - eth_getFilterChanges
[2025/08/23 18:27:27.071] - eth_getFilterChanges
[2025/08/23 18:27:42.073] - eth_getFilterChanges
[2025/08/23 18:27:57.077] - eth_getFilterChanges
[2025/08/23 18:28:12.076] - eth_getFilterChanges
[2025/08/23 18:28:27.071] - eth_getFilterChanges
[2025/08/23 18:28:42.075] - eth_getFilterChanges
[2025/08/23 18:28:57.086] - eth_getFilterChanges
[2025/08/23 18:29:12.070] - eth_getFilterChanges
[2025/08/23 18:29:27.075] - eth_getFilterChanges
[2025/08/23 18:29:42.073] - eth_getFilterChanges
[2025/08/23 18:29:57.073] - eth_getFilterChanges
[2025/08/23 18:30:12.086] - eth_getFilterChanges
[2025/08/23 18:30:27.070] - eth_getFilterChanges
[2025/08/23 18:30:42.074] - eth_getFilterChanges
[2025/08/23 18:30:57.083] - eth_getFilterChanges
[2025/08/23 18:31:12.085] - eth_getFilterChanges
[2025/08/23 18:31:27.077] - eth_getFilterChanges
[2025/08/23 18:31:42.076] - eth_getFilterChanges
[2025/08/23 18:31:57.074] - eth_getFilterChanges
[2025/08/23 18:32:12.084] - eth_getFilterChanges
[2025/08/23 18:32:27.077] - eth_getFilterChanges
[2025/08/23 18:32:42.075] - eth_getFilterChanges
[2025/08/23 18:32:57.072] - eth_getFilterChanges
[2025/08/23 18:33:12.073] - eth_getFilterChanges
[2025/08/23 18:33:27.075] - eth_getFilterChanges
[2025/08/23 18:33:42.077] - eth_getFilterChanges
[2025/08/23 18:33:57.078] - eth_getFilterChanges
[2025/08/23 18:34:12.084] - eth_getFilterChanges
[2025/08/23 18:34:27.083] - eth_getFilterChanges
[2025/08/23 18:34:42.074] - eth_getFilterChanges
[2025/08/23 18:34:57.075] - eth_getFilterChanges
[2025/08/23 18:35:12.072] - eth_getFilterChanges
[2025/08/23 18:35:27.072] - eth_getFilterChanges
[2025/08/23 18:35:42.073] - eth_getFilterChanges
[2025/08/23 18:35:57.074] - eth_getFilterChanges
[2025/08/23 18:36:12.081] - eth_getFilterChanges
[2025/08/23 18:36:27.083] - eth_getFilterChanges
[2025/08/23 18:36:42.072] - eth_getFilterChanges
[2025/08/23 18:36:57.071] - eth_getFilterChanges
[2025/08/23 18:37:12.077] - eth_getFilterChanges
[2025/08/23 18:37:27.079] - eth_getFilterChanges
[2025/08/23 18:37:42.084] - eth_getFilterChanges
[2025/08/23 18:37:57.082] - eth_getFilterChanges
[2025/08/23 18:38:12.074] - eth_getFilterChanges
[2025/08/23 18:38:27.077] - eth_getFilterChanges
[2025/08/23 18:38:42.086] - eth_getFilterChanges
[2025/08/23 18:38:57.083] - eth_getFilterChanges
[2025/08/23 18:39:12.077] - eth_getFilterChanges
[2025/08/23 18:39:27.079] - eth_getFilterChanges
[2025/08/23 18:39:42.085] - eth_getFilterChanges
[2025/08/23 18:39:57.086] - eth_getFilterChanges
[2025/08/23 18:40:12.079] - eth_getFilterChanges
[2025/08/23 18:40:27.083] - eth_getFilterChanges
[2025/08/23 18:40:42.079] - eth_getFilterChanges
[2025/08/23 18:40:57.073] - eth_getFilterChanges
[2025/08/23 18:41:12.072] - eth_getFilterChanges
[2025/08/23 18:41:27.078] - eth_getFilterChanges
[2025/08/23 18:41:42.081] - eth_getFilterChanges
[2025/08/23 18:41:57.080] - eth_getFilterChanges
[2025/08/23 18:42:12.081] - eth_getFilterChanges
[2025/08/23 18:42:27.084] - eth_getFilterChanges
[2025/08/23 18:42:42.082] - eth_getFilterChanges
[2025/08/23 18:42:57.083] - eth_getFilterChanges
[2025/08/23 18:43:12.082] - eth_getFilterChanges
[2025/08/23 18:43:27.087] - eth_getFilterChanges
[2025/08/23 18:43:42.075] - eth_getFilterChanges
[2025/08/23 18:43:57.074] - eth_getFilterChanges
[2025/08/23 18:44:12.075] - eth_getFilterChanges
[2025/08/23 18:44:27.082] - eth_getFilterChanges
[2025/08/23 18:44:42.085] - eth_getFilterChanges
[2025/08/23 18:44:57.076] - eth_getFilterChanges
[2025/08/23 18:45:12.086] - eth_getFilterChanges
[2025/08/23 18:45:27.082] - eth_getFilterChanges
[2025/08/23 18:45:42.075] - eth_getFilterChanges
[2025/08/23 18:45:57.072] - eth_getFilterChanges
[2025/08/23 18:46:12.074] - eth_getFilterChanges
[2025/08/23 18:46:27.079] - eth_getFilterChanges
[2025/08/23 18:46:42.072] - eth_getFilterChanges
[2025/08/23 18:46:57.077] - eth_getFilterChanges
[2025/08/23 18:47:12.083] - eth_getFilterChanges
[2025/08/23 18:47:27.070] - eth_getFilterChanges
[2025/08/23 18:47:42.088] - eth_getFilterChanges
[2025/08/23 18:47:57.072] - eth_getFilterChanges
[2025/08/23 18:48:12.074] - eth_getFilterChanges
[2025/08/23 18:48:27.074] - eth_getFilterChanges
[2025/08/23 18:48:42.086] - eth_getFilterChanges
[2025/08/23 18:48:57.079] - eth_getFilterChanges
[2025/08/23 18:49:12.071] - eth_getFilterChanges
[2025/08/23 18:49:27.074] - eth_getFilterChanges
[2025/08/23 18:49:42.081] - eth_getFilterChanges
[2025/08/23 18:49:57.074] - eth_getFilterChanges
[2025/08/23 18:50:12.085] - eth_getFilterChanges
[2025/08/23 18:50:27.075] - eth_getFilterChanges
[2025/08/23 18:50:42.086] - eth_getFilterChanges
[2025/08/23 18:50:57.071] - eth_getFilterChanges
[2025/08/23 18:51:12.083] - eth_getFilterChanges
[2025/08/23 18:51:27.083] - eth_getFilterChanges
[2025/08/23 18:51:42.080] - eth_getFilterChanges
[2025/08/23 18:51:57.085] - eth_getFilterChanges
[2025/08/23 18:52:12.070] - eth_getFilterChanges
[2025/08/23 18:52:27.078] - eth_getFilterChanges
[2025/08/23 18:52:42.076] - eth_getFilterChanges
[2025/08/23 18:52:57.074] - eth_getFilterChanges
[2025/08/23 18:53:12.082] - eth_getFilterChanges
[2025/08/23 18:53:27.076] - eth_getFilterChanges
[2025/08/23 18:53:42.080] - eth_getFilterChanges
[2025/08/23 18:53:57.088] - eth_getFilterChanges
[2025/08/23 18:54:12.077] - eth_getFilterChanges
[2025/08/23 18:54:27.084] - eth_getFilterChanges
[2025/08/23 18:54:42.088] - eth_getFilterChanges
[2025/08/23 18:54:57.076] - eth_getFilterChanges
[2025/08/23 18:55:12.084] - eth_getFilterChanges
[2025/08/23 18:55:27.071] - eth_getFilterChanges
[2025/08/23 18:55:42.084] - eth_getFilterChanges
[2025/08/23 18:55:57.071] - eth_getFilterChanges
[2025/08/23 18:56:12.086] - eth_getFilterChanges
[2025/08/23 18:56:27.083] - eth_getFilterChanges
[2025/08/23 18:56:42.073] - eth_getFilterChanges
[2025/08/23 18:56:57.084] - eth_getFilterChanges
[2025/08/23 18:57:12.084] - eth_getFilterChanges
[2025/08/23 18:57:27.072] - eth_getFilterChanges
[2025/08/23 18:57:42.082] - eth_getFilterChanges
[2025/08/23 18:57:57.073] - eth_getFilterChanges
[2025/08/23 18:58:12.086] - eth_getFilterChanges
[2025/08/23 18:58:27.081] - eth_getFilterChanges
[2025/08/23 18:58:42.072] - eth_getFilterChanges
[2025/08/23 18:58:57.075] - eth_getFilterChanges
[2025/08/23 18:59:12.073] - eth_getFilterChanges
[2025/08/23 18:59:27.078] - eth_getFilterChanges
[2025/08/23 18:59:42.073] - eth_getFilterChanges
[2025/08/23 18:59:57.075] - eth_getFilterChanges
[2025/08/23 19:00:12.079] - eth_getFilterChanges
[2025/08/23 19:00:27.074] - eth_getFilterChanges
[2025/08/23 19:00:42.087] - eth_getFilterChanges
[2025/08/23 19:00:57.086] - eth_getFilterChanges
[2025/08/23 19:01:12.078] - eth_getFilterChanges
[2025/08/23 19:01:27.083] - eth_getFilterChanges
[2025/08/23 19:01:42.076] - eth_getFilterChanges
[2025/08/23 19:01:57.079] - eth_getFilterChanges
[2025/08/23 19:02:12.082] - eth_getFilterChanges
[2025/08/23 19:02:27.081] - eth_getFilterChanges
[2025/08/23 19:02:42.080] - eth_getFilterChanges
[2025/08/23 19:02:57.072] - eth_getFilterChanges
[2025/08/23 19:03:12.084] - eth_getFilterChanges
[2025/08/23 19:03:27.071] - eth_getFilterChanges
[2025/08/23 19:03:42.082] - eth_getFilterChanges
[2025/08/23 19:03:57.079] - eth_getFilterChanges
[2025/08/23 19:04:12.084] - eth_getFilterChanges
[2025/08/23 19:04:27.083] - eth_getFilterChanges
[2025/08/23 19:04:42.078] - eth_getFilterChanges
[2025/08/23 19:04:57.083] - eth_getFilterChanges
[2025/08/23 19:05:12.081] - eth_getFilterChanges
[2025/08/23 19:05:27.074] - eth_getFilterChanges
[2025/08/23 19:05:42.082] - eth_getFilterChanges
[2025/08/23 19:05:57.081] - eth_getFilterChanges
[2025/08/23 19:06:12.080] - eth_getFilterChanges
[2025/08/23 19:06:27.075] - eth_getFilterChanges
[2025/08/23 19:06:42.084] - eth_getFilterChanges
[2025/08/23 19:06:57.085] - eth_getFilterChanges
[2025/08/23 19:07:12.081] - eth_getFilterChanges
[2025/08/23 19:07:27.087] - eth_getFilterChanges
[2025/08/23 19:07:42.076] - eth_getFilterChanges
[2025/08/23 19:07:57.086] - eth_getFilterChanges
[2025/08/23 19:08:12.072] - eth_getFilterChanges
[2025/08/23 19:08:27.078] - eth_getFilterChanges
[2025/08/23 19:08:42.076] - eth_getFilterChanges
[2025/08/23 19:08:57.084] - eth_getFilterChanges
[2025/08/23 19:09:12.086] - eth_getFilterChanges
[2025/08/23 19:09:27.078] - eth_getFilterChanges
[2025/08/23 19:09:42.075] - eth_getFilterChanges
[2025/08/23 19:09:56.506] - eth_call
[2025/08/23 19:09:57.077] - eth_getFilterChanges
[2025/08/23 19:10:12.086] - eth_getFilterChanges
[2025/08/23 19:10:27.075] - eth_getFilterChanges
[2025/08/23 19:10:42.075] - eth_getFilterChanges
[2025/08/23 19:10:57.084] - eth_getFilterChanges
[2025/08/23 19:11:12.072] - eth_getFilterChanges
[2025/08/23 19:11:27.072] - eth_getFilterChanges
[2025/08/23 19:11:42.084] - eth_getFilterChanges
[2025/08/23 19:11:57.076] - eth_getFilterChanges
[2025/08/23 19:12:12.077] - eth_getFilterChanges
[2025/08/23 19:12:27.072] - eth_getFilterChanges
[2025/08/23 19:12:42.078] - eth_getFilterChanges
[2025/08/23 19:12:57.083] - eth_getFilterChanges
[2025/08/23 19:13:12.076] - eth_getFilterChanges
[2025/08/23 19:13:27.085] - eth_getFilterChanges
[2025/08/23 19:13:42.086] - eth_getFilterChanges
[2025/08/23 19:13:57.071] - eth_getFilterChanges
[2025/08/23 19:14:12.082] - eth_getFilterChanges
[2025/08/23 19:14:27.083] - eth_getFilterChanges
[2025/08/23 19:14:42.073] - eth_getFilterChanges
[2025/08/23 19:14:57.072] - eth_getFilterChanges
[2025/08/23 19:15:12.085] - eth_getFilterChanges
[2025/08/23 19:15:27.083] - eth_getFilterChanges
[2025/08/23 19:15:42.084] - eth_getFilterChanges
[2025/08/23 19:15:57.088] - eth_getFilterChanges
[2025/08/23 19:16:12.080] - eth_getFilterChanges
[2025/08/23 19:16:27.081] - eth_getFilterChanges
[2025/08/23 19:16:42.073] - eth_getFilterChanges
[2025/08/23 19:16:57.079] - eth_getFilterChanges
[2025/08/23 19:17:12.075] - eth_getFilterChanges
[2025/08/23 19:17:27.082] - eth_getFilterChanges
[2025/08/23 19:17:42.087] - eth_getFilterChanges
[2025/08/23 19:17:57.085] - eth_getFilterChanges
[2025/08/23 19:18:12.074] - eth_getFilterChanges
[2025/08/23 19:18:27.086] - eth_getFilterChanges
[2025/08/23 19:18:42.084] - eth_getFilterChanges
[2025/08/23 19:18:57.083] - eth_getFilterChanges
[2025/08/23 19:19:12.071] - eth_getFilterChanges
[2025/08/23 19:19:27.082] - eth_getFilterChanges
[2025/08/23 19:19:42.072] - eth_getFilterChanges
[2025/08/23 19:19:57.078] - eth_getFilterChanges
[2025/08/23 19:20:06.522] - eth_call
[2025/08/23 19:20:12.073] - eth_getFilterChanges
[2025/08/23 19:20:27.079] - eth_getFilterChanges
[2025/08/23 19:20:42.085] - eth_getFilterChanges
[2025/08/23 19:20:57.087] - eth_getFilterChanges
[2025/08/23 19:21:12.086] - eth_getFilterChanges
[2025/08/23 19:21:27.074] - eth_getFilterChanges
[2025/08/23 19:21:42.079] - eth_getFilterChanges
[2025/08/23 19:21:57.085] - eth_getFilterChanges
[2025/08/23 19:22:12.072] - eth_getFilterChanges
[2025/08/23 19:22:27.083] - eth_getFilterChanges
[2025/08/23 19:22:42.082] - eth_getFilterChanges
[2025/08/23 19:22:57.072] - eth_getFilterChanges
[2025/08/23 19:23:12.075] - eth_getFilterChanges
[2025/08/23 19:23:27.075] - eth_getFilterChanges
[2025/08/23 19:23:42.084] - eth_getFilterChanges
[2025/08/23 19:23:57.076] - eth_getFilterChanges
[2025/08/23 19:24:12.084] - eth_getFilterChanges
[2025/08/23 19:24:27.074] - eth_getFilterChanges
[2025/08/23 19:24:42.074] - eth_getFilterChanges
[2025/08/23 19:24:57.080] - eth_getFilterChanges
[2025/08/23 19:25:12.083] - eth_getFilterChanges
[2025/08/23 19:25:27.082] - eth_getFilterChanges
[2025/08/23 19:25:42.083] - eth_getFilterChanges
[2025/08/23 19:25:57.078] - eth_getFilterChanges
[2025/08/23 19:26:12.074] - eth_getFilterChanges
[2025/08/23 19:26:27.081] - eth_getFilterChanges
[2025/08/23 19:26:42.079] - eth_getFilterChanges
[2025/08/23 19:26:57.081] - eth_getFilterChanges
[2025/08/23 19:27:12.076] - eth_getFilterChanges
[2025/08/23 19:27:27.077] - eth_getFilterChanges
[2025/08/23 19:27:42.075] - eth_getFilterChanges
[2025/08/23 19:27:57.074] - eth_getFilterChanges
[2025/08/23 19:28:12.084] - eth_getFilterChanges
[2025/08/23 19:28:27.080] - eth_getFilterChanges
[2025/08/23 19:28:42.073] - eth_getFilterChanges
[2025/08/23 19:28:57.088] - eth_getFilterChanges
[2025/08/23 19:29:12.076] - eth_getFilterChanges
[2025/08/23 19:29:27.079] - eth_getFilterChanges
[2025/08/23 19:29:42.077] - eth_getFilterChanges
[2025/08/23 19:29:57.075] - eth_getFilterChanges
[2025/08/23 19:30:12.082] - eth_getFilterChanges
[2025/08/23 19:30:27.074] - eth_getFilterChanges
[2025/08/23 19:30:42.079] - eth_getFilterChanges
[2025/08/23 19:30:57.085] - eth_getFilterChanges
[2025/08/23 19:31:12.071] - eth_getFilterChanges
[2025/08/23 19:31:27.079] - eth_getFilterChanges
[2025/08/23 19:31:42.072] - eth_getFilterChanges
[2025/08/23 19:31:57.086] - eth_getFilterChanges
[2025/08/23 19:32:12.084] - eth_getFilterChanges
[2025/08/23 19:32:27.083] - eth_getFilterChanges
[2025/08/23 19:32:42.082] - eth_getFilterChanges
[2025/08/23 19:32:57.078] - eth_getFilterChanges
[2025/08/23 19:33:12.074] - eth_getFilterChanges
[2025/08/23 19:33:27.073] - eth_getFilterChanges
[2025/08/23 19:33:42.074] - eth_getFilterChanges
[2025/08/23 19:33:57.076] - eth_getFilterChanges
[2025/08/23 19:34:12.087] - eth_getFilterChanges
[2025/08/23 19:34:27.077] - eth_getFilterChanges
[2025/08/23 19:34:42.075] - eth_getFilterChanges
[2025/08/23 19:34:57.084] - eth_getFilterChanges
[2025/08/23 19:35:12.076] - eth_getFilterChanges
[2025/08/23 19:35:27.074] - eth_getFilterChanges
[2025/08/23 19:35:42.087] - eth_getFilterChanges
[2025/08/23 19:35:57.084] - eth_getFilterChanges
[2025/08/23 19:36:12.072] - eth_getFilterChanges
[2025/08/23 19:36:27.074] - eth_getFilterChanges
[2025/08/23 19:36:42.076] - eth_getFilterChanges
[2025/08/23 19:36:57.086] - eth_getFilterChanges
[2025/08/23 19:37:12.080] - eth_getFilterChanges
[2025/08/23 19:37:27.078] - eth_getFilterChanges
[2025/08/23 19:37:42.073] - eth_getFilterChanges
[2025/08/23 19:37:57.073] - eth_getFilterChanges
[2025/08/23 19:38:12.080] - eth_getFilterChanges
[2025/08/23 19:38:27.072] - eth_getFilterChanges
[2025/08/23 19:38:42.080] - eth_getFilterChanges
[2025/08/23 19:38:57.082] - eth_getFilterChanges
[2025/08/23 19:39:12.074] - eth_getFilterChanges
[2025/08/23 19:39:27.077] - eth_getFilterChanges
[2025/08/23 19:39:42.083] - eth_getFilterChanges
[2025/08/23 19:39:57.079] - eth_getFilterChanges
[2025/08/23 19:40:12.085] - eth_getFilterChanges
[2025/08/23 19:40:27.083] - eth_getFilterChanges
[2025/08/23 19:40:42.073] - eth_getFilterChanges
[2025/08/23 19:40:57.078] - eth_getFilterChanges
[2025/08/23 19:41:12.087] - eth_getFilterChanges
[2025/08/23 19:41:27.083] - eth_getFilterChanges
[2025/08/23 19:41:42.074] - eth_getFilterChanges
[2025/08/23 19:41:57.082] - eth_getFilterChanges
[2025/08/23 19:42:12.080] - eth_getFilterChanges
[2025/08/23 19:42:27.078] - eth_getFilterChanges
[2025/08/23 19:42:42.072] - eth_getFilterChanges
[2025/08/23 19:42:57.078] - eth_getFilterChanges
[2025/08/23 19:43:12.084] - eth_getFilterChanges
[2025/08/23 19:43:27.079] - eth_getFilterChanges
[2025/08/23 19:43:42.075] - eth_getFilterChanges
[2025/08/23 19:43:57.072] - eth_getFilterChanges
[2025/08/23 19:44:12.082] - eth_getFilterChanges
[2025/08/23 19:44:27.075] - eth_getFilterChanges
[2025/08/23 19:44:42.076] - eth_getFilterChanges
[2025/08/23 19:44:57.086] - eth_getFilterChanges
[2025/08/23 19:45:12.072] - eth_getFilterChanges
[2025/08/23 19:45:27.080] - eth_getFilterChanges
[2025/08/23 19:45:42.079] - eth_getFilterChanges
[2025/08/23 19:45:57.086] - eth_getFilterChanges
[2025/08/23 19:46:12.073] - eth_getFilterChanges
[2025/08/23 19:46:27.080] - eth_getFilterChanges
[2025/08/23 19:46:42.073] - eth_getFilterChanges
[2025/08/23 19:46:57.084] - eth_getFilterChanges
[2025/08/23 19:47:12.085] - eth_getFilterChanges
[2025/08/23 19:47:27.076] - eth_getFilterChanges
[2025/08/23 19:47:42.086] - eth_getFilterChanges
[2025/08/23 19:47:57.079] - eth_getFilterChanges
[2025/08/23 19:48:12.080] - eth_getFilterChanges
[2025/08/23 19:48:27.081] - eth_getFilterChanges
[2025/08/23 19:48:42.075] - eth_getFilterChanges
[2025/08/23 19:48:57.082] - eth_getFilterChanges
[2025/08/23 19:49:12.077] - eth_getFilterChanges
[2025/08/23 19:49:27.075] - eth_getFilterChanges
[2025/08/23 19:49:42.077] - eth_getFilterChanges
[2025/08/23 19:49:57.080] - eth_getFilterChanges
[2025/08/23 19:50:12.082] - eth_getFilterChanges
[2025/08/23 19:50:27.075] - eth_getFilterChanges
[2025/08/23 19:50:42.079] - eth_getFilterChanges
[2025/08/23 19:50:57.072] - eth_getFilterChanges
[2025/08/23 19:51:12.075] - eth_getFilterChanges
[2025/08/23 19:51:27.076] - eth_getFilterChanges
[2025/08/23 19:51:42.077] - eth_getFilterChanges
[2025/08/23 19:51:57.079] - eth_getFilterChanges
[2025/08/23 19:52:12.076] - eth_getFilterChanges
[2025/08/23 19:52:27.075] - eth_getFilterChanges
[2025/08/23 19:52:42.086] - eth_getFilterChanges
[2025/08/23 19:52:57.079] - eth_getFilterChanges
[2025/08/23 19:53:12.079] - eth_getFilterChanges
[2025/08/23 19:53:27.086] - eth_getFilterChanges
[2025/08/23 19:53:42.075] - eth_getFilterChanges
[2025/08/23 19:53:57.085] - eth_getFilterChanges
[2025/08/23 19:54:12.083] - eth_getFilterChanges
[2025/08/23 19:54:27.075] - eth_getFilterChanges
[2025/08/23 19:54:42.073] - eth_getFilterChanges
[2025/08/23 19:54:57.084] - eth_getFilterChanges
[2025/08/23 19:55:12.083] - eth_getFilterChanges
[2025/08/23 19:55:27.078] - eth_getFilterChanges
[2025/08/23 19:55:42.083] - eth_getFilterChanges
[2025/08/23 19:55:57.075] - eth_getFilterChanges
[2025/08/23 19:56:12.077] - eth_getFilterChanges
[2025/08/23 19:56:27.075] - eth_getFilterChanges
[2025/08/23 19:56:42.082] - eth_getFilterChanges
[2025/08/23 19:56:57.074] - eth_getFilterChanges
[2025/08/23 19:57:12.079] - eth_getFilterChanges
[2025/08/23 19:57:27.076] - eth_getFilterChanges
[2025/08/23 19:57:42.080] - eth_getFilterChanges
[2025/08/23 19:57:57.074] - eth_getFilterChanges
[2025/08/23 19:58:12.078] - eth_getFilterChanges
[2025/08/23 19:58:27.075] - eth_getFilterChanges
[2025/08/23 19:58:42.083] - eth_getFilterChanges
[2025/08/23 19:58:57.072] - eth_getFilterChanges
[2025/08/23 19:59:12.086] - eth_getFilterChanges
[2025/08/23 19:59:27.071] - eth_getFilterChanges
[2025/08/23 19:59:42.077] - eth_getFilterChanges
[2025/08/23 19:59:57.085] - eth_getFilterChanges
[2025/08/23 20:00:12.072] - eth_getFilterChanges
[2025/08/23 20:00:27.087] - eth_getFilterChanges
[2025/08/23 20:00:42.084] - eth_getFilterChanges
[2025/08/23 20:00:57.084] - eth_getFilterChanges
[2025/08/23 20:01:12.083] - eth_getFilterChanges
[2025/08/23 20:01:27.072] - eth_getFilterChanges
[2025/08/23 20:01:42.072] - eth_getFilterChanges
[2025/08/23 20:01:57.078] - eth_getFilterChanges
[2025/08/23 20:02:12.078] - eth_getFilterChanges
[2025/08/23 20:02:27.077] - eth_getFilterChanges
[2025/08/23 20:02:42.078] - eth_getFilterChanges
[2025/08/23 20:02:57.083] - eth_getFilterChanges
[2025/08/23 20:03:12.072] - eth_getFilterChanges
[2025/08/23 20:03:27.082] - eth_getFilterChanges
[2025/08/23 20:03:42.073] - eth_getFilterChanges
[2025/08/23 20:03:57.076] - eth_getFilterChanges
[2025/08/23 20:04:12.084] - eth_getFilterChanges
[2025/08/23 20:04:27.075] - eth_getFilterChanges
[2025/08/23 20:04:42.076] - eth_getFilterChanges
[2025/08/23 20:04:57.074] - eth_getFilterChanges
[2025/08/23 20:05:12.085] - eth_getFilterChanges
[2025/08/23 20:05:27.076] - eth_getFilterChanges
[2025/08/23 20:05:42.079] - eth_getFilterChanges
[2025/08/23 20:05:57.077] - eth_getFilterChanges
[2025/08/23 20:06:12.089] - eth_getFilterChanges
[2025/08/23 20:06:27.074] - eth_getFilterChanges
[2025/08/23 20:06:42.077] - eth_getFilterChanges
[2025/08/23 20:06:57.071] - eth_getFilterChanges
[2025/08/23 20:07:12.077] - eth_getFilterChanges
[2025/08/23 20:07:27.086] - eth_getFilterChanges
[2025/08/23 20:07:42.071] - eth_getFilterChanges
[2025/08/23 20:07:57.074] - eth_getFilterChanges
[2025/08/23 20:08:12.079] - eth_getFilterChanges
[2025/08/23 20:08:27.074] - eth_getFilterChanges
[2025/08/23 20:08:42.073] - eth_getFilterChanges
[2025/08/23 20:08:57.077] - eth_getFilterChanges
[2025/08/23 20:09:12.087] - eth_getFilterChanges
[2025/08/23 20:09:27.077] - eth_getFilterChanges
[2025/08/23 20:09:42.086] - eth_getFilterChanges
[2025/08/23 20:09:57.086] - eth_getFilterChanges
[2025/08/23 20:10:12.084] - eth_getFilterChanges
[2025/08/23 20:10:27.081] - eth_getFilterChanges
[2025/08/23 20:10:42.077] - eth_getFilterChanges
[2025/08/23 20:10:57.072] - eth_getFilterChanges
[2025/08/23 20:11:12.083] - eth_getFilterChanges
[2025/08/23 20:11:27.084] - eth_getFilterChanges
[2025/08/23 20:11:42.088] - eth_getFilterChanges
[2025/08/23 20:11:57.081] - eth_getFilterChanges
[2025/08/23 20:12:12.082] - eth_getFilterChanges
[2025/08/23 20:12:27.079] - eth_getFilterChanges
[2025/08/23 20:12:42.080] - eth_getFilterChanges
[2025/08/23 20:12:57.073] - eth_getFilterChanges
[2025/08/23 20:13:12.086] - eth_getFilterChanges
[2025/08/23 20:13:27.071] - eth_getFilterChanges
[2025/08/23 20:13:42.077] - eth_getFilterChanges
[2025/08/23 20:13:57.075] - eth_getFilterChanges
[2025/08/23 20:14:12.085] - eth_getFilterChanges
[2025/08/23 20:14:27.082] - eth_getFilterChanges
[2025/08/23 20:14:42.080] - eth_getFilterChanges
[2025/08/23 20:14:57.086] - eth_getFilterChanges
[2025/08/23 20:15:12.082] - eth_getFilterChanges
[2025/08/23 20:15:27.084] - eth_getFilterChanges
[2025/08/23 20:15:42.088] - eth_getFilterChanges
[2025/08/23 20:15:57.086] - eth_getFilterChanges
[2025/08/23 20:16:12.076] - eth_getFilterChanges
[2025/08/23 20:16:27.082] - eth_getFilterChanges
[2025/08/23 20:16:42.080] - eth_getFilterChanges
[2025/08/23 20:16:57.087] - eth_getFilterChanges
[2025/08/23 20:17:12.085] - eth_getFilterChanges
[2025/08/23 20:17:27.077] - eth_getFilterChanges
[2025/08/23 20:17:42.075] - eth_getFilterChanges
[2025/08/23 20:17:57.080] - eth_getFilterChanges
[2025/08/23 20:18:12.074] - eth_getFilterChanges
[2025/08/23 20:18:27.078] - eth_getFilterChanges
[2025/08/23 20:18:42.077] - eth_getFilterChanges
[2025/08/23 20:18:57.083] - eth_getFilterChanges
[2025/08/23 20:19:12.073] - eth_getFilterChanges
[2025/08/23 20:19:27.083] - eth_getFilterChanges
[2025/08/23 20:19:42.084] - eth_getFilterChanges
[2025/08/23 20:19:57.077] - eth_getFilterChanges
[2025/08/23 20:20:12.078] - eth_getFilterChanges
[2025/08/23 20:20:27.082] - eth_getFilterChanges
[2025/08/23 20:20:42.082] - eth_getFilterChanges
[2025/08/23 20:20:57.077] - eth_getFilterChanges
[2025/08/23 20:21:12.085] - eth_getFilterChanges
[2025/08/23 20:21:27.072] - eth_getFilterChanges
[2025/08/23 20:21:42.077] - eth_getFilterChanges
[2025/08/23 20:21:57.085] - eth_getFilterChanges
[2025/08/23 20:22:12.080] - eth_getFilterChanges
[2025/08/23 20:22:27.077] - eth_getFilterChanges
[2025/08/23 20:22:42.080] - eth_getFilterChanges
[2025/08/23 20:22:57.087] - eth_getFilterChanges
[2025/08/23 20:23:12.077] - eth_getFilterChanges
[2025/08/23 20:23:27.074] - eth_getFilterChanges
[2025/08/23 20:23:42.076] - eth_getFilterChanges
[2025/08/23 20:23:57.073] - eth_getFilterChanges
[2025/08/23 20:24:12.075] - eth_getFilterChanges
[2025/08/23 20:24:27.088] - eth_getFilterChanges
[2025/08/23 20:24:42.078] - eth_getFilterChanges
[2025/08/23 20:24:57.079] - eth_getFilterChanges
[2025/08/23 20:25:12.090] - eth_getFilterChanges
[2025/08/23 20:25:27.083] - eth_getFilterChanges
[2025/08/23 20:25:42.085] - eth_getFilterChanges
[2025/08/23 20:25:57.072] - eth_getFilterChanges
[2025/08/23 20:26:12.084] - eth_getFilterChanges
[2025/08/23 20:26:27.077] - eth_getFilterChanges
[2025/08/23 20:26:42.084] - eth_getFilterChanges
[2025/08/23 20:26:57.073] - eth_getFilterChanges
[2025/08/23 20:27:12.086] - eth_getFilterChanges
[2025/08/23 20:27:27.071] - eth_getFilterChanges
[2025/08/23 20:27:42.081] - eth_getFilterChanges
[2025/08/23 20:27:57.081] - eth_getFilterChanges
[2025/08/23 20:28:12.086] - eth_getFilterChanges
[2025/08/23 20:28:27.072] - eth_getFilterChanges
[2025/08/23 20:28:42.075] - eth_getFilterChanges
[2025/08/23 20:28:57.081] - eth_getFilterChanges
[2025/08/23 20:29:12.082] - eth_getFilterChanges
[2025/08/23 20:29:27.086] - eth_getFilterChanges
[2025/08/23 20:29:42.088] - eth_getFilterChanges
[2025/08/23 20:29:57.082] - eth_getFilterChanges
[2025/08/23 20:30:12.075] - eth_getFilterChanges
[2025/08/23 20:30:27.076] - eth_getFilterChanges
[2025/08/23 20:30:42.079] - eth_getFilterChanges
[2025/08/23 20:30:57.087] - eth_getFilterChanges
[2025/08/23 20:31:12.085] - eth_getFilterChanges
[2025/08/23 20:31:27.074] - eth_getFilterChanges
[2025/08/23 20:31:42.081] - eth_getFilterChanges
[2025/08/23 20:31:57.083] - eth_getFilterChanges
[2025/08/23 20:32:12.071] - eth_getFilterChanges
[2025/08/23 20:32:27.079] - eth_getFilterChanges
[2025/08/23 20:32:42.086] - eth_getFilterChanges
[2025/08/23 20:32:57.085] - eth_getFilterChanges
[2025/08/23 20:33:12.076] - eth_getFilterChanges
[2025/08/23 20:33:27.087] - eth_getFilterChanges
[2025/08/23 20:33:42.075] - eth_getFilterChanges
[2025/08/23 20:33:57.085] - eth_getFilterChanges
[2025/08/23 20:34:12.082] - eth_getFilterChanges
[2025/08/23 20:34:27.074] - eth_getFilterChanges
[2025/08/23 20:34:42.082] - eth_getFilterChanges
[2025/08/23 20:34:57.077] - eth_getFilterChanges
[2025/08/23 20:35:12.073] - eth_getFilterChanges
[2025/08/23 20:35:27.075] - eth_getFilterChanges
[2025/08/23 20:35:42.077] - eth_getFilterChanges
[2025/08/23 20:35:57.083] - eth_getFilterChanges
[2025/08/23 20:36:12.084] - eth_getFilterChanges
[2025/08/23 20:36:27.075] - eth_getFilterChanges
[2025/08/23 20:36:42.071] - eth_getFilterChanges
[2025/08/23 20:36:57.080] - eth_getFilterChanges
[2025/08/23 20:37:12.073] - eth_getFilterChanges
[2025/08/23 20:37:27.074] - eth_getFilterChanges
[2025/08/23 20:37:42.073] - eth_getFilterChanges
[2025/08/23 20:37:57.076] - eth_getFilterChanges
[2025/08/23 20:38:12.086] - eth_getFilterChanges
[2025/08/23 20:38:27.079] - eth_getFilterChanges
[2025/08/23 20:38:42.086] - eth_getFilterChanges
[2025/08/23 20:38:57.080] - eth_getFilterChanges
[2025/08/23 20:39:12.072] - eth_getFilterChanges
[2025/08/23 20:39:27.083] - eth_getFilterChanges
[2025/08/23 20:39:42.072] - eth_getFilterChanges
[2025/08/23 20:39:57.081] - eth_getFilterChanges
[2025/08/23 20:40:12.073] - eth_getFilterChanges
[2025/08/23 20:40:27.079] - eth_getFilterChanges
[2025/08/23 20:40:42.072] - eth_getFilterChanges
[2025/08/23 20:40:57.081] - eth_getFilterChanges
[2025/08/23 20:41:12.083] - eth_getFilterChanges
[2025/08/23 20:41:27.086] - eth_getFilterChanges
[2025/08/23 20:41:39.601] - eth_call
[2025/08/23 20:41:42.080] - eth_getFilterChanges
[2025/08/23 20:41:57.086] - eth_getFilterChanges
[2025/08/23 20:42:12.079] - eth_getFilterChanges
[2025/08/23 20:42:27.084] - eth_getFilterChanges
[2025/08/23 20:42:42.077] - eth_getFilterChanges
[2025/08/23 20:42:57.079] - eth_getFilterChanges
[2025/08/23 20:43:12.079] - eth_getFilterChanges
[2025/08/23 20:43:27.083] - eth_getFilterChanges
[2025/08/23 20:43:31.146] - eth_call
[2025/08/23 20:43:36.248] - eth_call
[2025/08/23 20:43:42.080] - eth_getFilterChanges
[2025/08/23 20:43:56.852] - eth_call
[2025/08/23 20:43:57.077] - eth_getFilterChanges
[2025/08/23 20:44:12.080] - eth_getFilterChanges
[2025/08/23 20:44:27.080] - eth_getFilterChanges
[2025/08/23 20:44:42.077] - eth_getFilterChanges
[2025/08/23 20:44:57.074] - eth_getFilterChanges
[2025/08/23 20:45:12.083] - eth_getFilterChanges
[2025/08/23 20:45:27.083] - eth_getFilterChanges
[2025/08/23 20:45:42.078] - eth_getFilterChanges
[2025/08/23 20:45:57.078] - eth_getFilterChanges
[2025/08/23 20:46:12.088] - eth_getFilterChanges
[2025/08/23 20:46:27.072] - eth_getFilterChanges
[2025/08/23 20:46:42.074] - eth_getFilterChanges
[2025/08/23 20:46:57.086] - eth_getFilterChanges
[2025/08/23 20:47:12.074] - eth_getFilterChanges
[2025/08/23 20:47:27.079] - eth_getFilterChanges
[2025/08/23 20:47:42.073] - eth_getFilterChanges
[2025/08/23 20:47:57.078] - eth_getFilterChanges
[2025/08/23 20:48:12.078] - eth_getFilterChanges
[2025/08/23 20:48:27.081] - eth_getFilterChanges
[2025/08/23 20:48:42.075] - eth_getFilterChanges
[2025/08/23 20:48:45.781] - eth_call
[2025/08/23 20:48:56.079] - eth_call
[2025/08/23 20:48:57.073] - eth_getFilterChanges
[2025/08/23 20:49:03.458] - eth_call
[2025/08/23 20:49:12.079] - eth_getFilterChanges
[2025/08/23 20:49:27.080] - eth_getFilterChanges
[2025/08/23 20:49:42.078] - eth_getFilterChanges
[2025/08/23 20:49:57.078] - eth_getFilterChanges
[2025/08/23 20:50:12.080] - eth_getFilterChanges
[2025/08/23 20:50:27.074] - eth_getFilterChanges
[2025/08/23 20:50:42.078] - eth_getFilterChanges
[2025/08/23 20:50:57.078] - eth_getFilterChanges
[2025/08/23 20:51:12.078] - eth_getFilterChanges
[2025/08/23 20:51:27.074] - eth_getFilterChanges
[2025/08/23 20:51:42.078] - eth_getFilterChanges
[2025/08/23 20:51:57.074] - eth_getFilterChanges
[2025/08/23 20:52:12.075] - eth_getFilterChanges
[2025/08/23 20:52:27.073] - eth_getFilterChanges
