2025-08-23T18:09:07.410-04:00  INFO 27548 --- [admin] [restartedMain] c.propertychain.admin.AdminApplication   : Starting AdminApplication using Java 17.0.8 with PID 27548 (E:\Lakehead\BlockChain\Final_Project\PropertyChain\backend\admin\build\classes\java\main started by LENOVO in E:\Lakehead\BlockChain\Final_Project\PropertyChain\backend\admin)
2025-08-23T18:09:07.413-04:00 DEBUG 27548 --- [admin] [restartedMain] c.propertychain.admin.AdminApplication   : Running with Spring Boot v3.2.5, Spring v6.1.6
2025-08-23T18:09:07.414-04:00  INFO 27548 --- [admin] [restartedMain] c.propertychain.admin.AdminApplication   : No active profile set, falling back to 1 default profile: "default"
2025-08-23T18:09:07.505-04:00  INFO 27548 --- [admin] [restartedMain] .e.DevToolsPropertyDefaultsPostProcessor : Devtools property defaults active! Set 'spring.devtools.add-properties' to 'false' to disable
2025-08-23T18:09:07.506-04:00  INFO 27548 --- [admin] [restartedMain] .e.DevToolsPropertyDefaultsPostProcessor : For additional web related logging consider setting the 'logging.level.web' property to 'DEBUG'
2025-08-23T18:09:09.059-04:00  INFO 27548 --- [admin] [restartedMain] .s.d.r.c.RepositoryConfigurationDelegate : Multiple Spring Data modules found, entering strict repository configuration mode
2025-08-23T18:09:09.064-04:00  INFO 27548 --- [admin] [restartedMain] .s.d.r.c.RepositoryConfigurationDelegate : Bootstrapping Spring Data Redis repositories in DEFAULT mode.
2025-08-23T18:09:09.120-04:00  INFO 27548 --- [admin] [restartedMain] .s.d.r.c.RepositoryConfigurationDelegate : Finished Spring Data repository scanning in 28 ms. Found 0 Redis repository interfaces.
2025-08-23T18:09:09.402-04:00  INFO 27548 --- [admin] [restartedMain] faultConfiguringBeanFactoryPostProcessor : No bean named 'errorChannel' has been explicitly defined. Therefore, a default PublishSubscribeChannel will be created.
2025-08-23T18:09:09.428-04:00  INFO 27548 --- [admin] [restartedMain] faultConfiguringBeanFactoryPostProcessor : No bean named 'integrationHeaderChannelRegistry' has been explicitly defined. Therefore, a default DefaultHeaderChannelRegistry will be created.
2025-08-23T18:09:10.455-04:00  INFO 27548 --- [admin] [restartedMain] o.s.b.w.embedded.tomcat.TomcatWebServer  : Tomcat initialized with port 8080 (http)
2025-08-23T18:09:10.473-04:00  INFO 27548 --- [admin] [restartedMain] o.apache.catalina.core.StandardService   : Starting service [Tomcat]
2025-08-23T18:09:10.474-04:00  INFO 27548 --- [admin] [restartedMain] o.apache.catalina.core.StandardEngine    : Starting Servlet engine: [Apache Tomcat/10.1.20]
2025-08-23T18:09:10.570-04:00  INFO 27548 --- [admin] [restartedMain] o.a.c.c.C.[Tomcat].[localhost].[/]       : Initializing Spring embedded WebApplicationContext
2025-08-23T18:09:10.571-04:00  INFO 27548 --- [admin] [restartedMain] w.s.c.ServletWebServerApplicationContext : Root WebApplicationContext: initialization completed in 3065 ms
2025-08-23T18:09:11.821-04:00  INFO 27548 --- [admin] [restartedMain] c.p.admin.service.EthereumService        : Loaded ownership contract at: 0x8A791620dd6260079BF849Dc5567aDC3F2FdC318 with owner 0xf39fd6e51aad88f6f4ce6ab8827279cfffb92266
2025-08-23T18:09:11.890-04:00  INFO 27548 --- [admin] [restartedMain] c.p.admin.service.EthereumService        : Loaded escrow contract at: 0xB7f8BC63BbcaD18155201308C8f3540b07f84F5e with buyer 0xf39fd6e51aad88f6f4ce6ab8827279cfffb92266
2025-08-23T18:09:12.659-04:00  INFO 27548 --- [admin] [restartedMain] o.s.s.web.DefaultSecurityFilterChain     : Will secure any request with [org.springframework.security.web.session.DisableEncodeUrlFilter@5a4d291e, org.springframework.security.web.context.request.async.WebAsyncManagerIntegrationFilter@7f73c928, org.springframework.security.web.context.SecurityContextHolderFilter@793611ee, org.springframework.security.web.header.HeaderWriterFilter@49ff7fc8, org.springframework.web.filter.CorsFilter@454c2683, org.springframework.security.web.authentication.logout.LogoutFilter@6e02d408, org.springframework.security.web.authentication.www.BasicAuthenticationFilter@795b981f, org.springframework.security.web.savedrequest.RequestCacheAwareFilter@72c8383e, org.springframework.security.web.servletapi.SecurityContextHolderAwareRequestFilter@3b290eda, org.springframework.security.web.authentication.AnonymousAuthenticationFilter@9a9b931, org.springframework.security.web.session.SessionManagementFilter@12d28ff3, org.springframework.security.web.access.ExceptionTranslationFilter@1035c597, org.springframework.security.web.access.intercept.AuthorizationFilter@1af32f0b]
2025-08-23T18:09:13.586-04:00  INFO 27548 --- [admin] [restartedMain] o.s.b.d.a.OptionalLiveReloadServer       : LiveReload server is running on port 35729
2025-08-23T18:09:13.756-04:00  INFO 27548 --- [admin] [restartedMain] o.s.i.endpoint.EventDrivenConsumer       : Adding {logging-channel-adapter:_org.springframework.integration.errorLogger} as a subscriber to the 'errorChannel' channel
2025-08-23T18:09:13.757-04:00  INFO 27548 --- [admin] [restartedMain] o.s.i.channel.PublishSubscribeChannel    : Channel 'admin.errorChannel' has 1 subscriber(s).
2025-08-23T18:09:13.758-04:00  INFO 27548 --- [admin] [restartedMain] o.s.i.endpoint.EventDrivenConsumer       : started bean '_org.springframework.integration.errorLogger'
2025-08-23T18:09:13.801-04:00  INFO 27548 --- [admin] [restartedMain] o.s.b.w.embedded.tomcat.TomcatWebServer  : Tomcat started on port 8080 (http) with context path ''
2025-08-23T18:09:13.822-04:00  INFO 27548 --- [admin] [restartedMain] c.propertychain.admin.AdminApplication   : Started AdminApplication in 7.2 seconds (process running for 7.984)
2025-08-23T18:10:36.862-04:00  INFO 27548 --- [admin] [http-nio-8080-exec-2] o.a.c.c.C.[Tomcat].[localhost].[/]       : Initializing Spring DispatcherServlet 'dispatcherServlet'
2025-08-23T18:10:36.862-04:00  INFO 27548 --- [admin] [http-nio-8080-exec-2] o.s.web.servlet.DispatcherServlet        : Initializing Servlet 'dispatcherServlet'
2025-08-23T18:10:36.863-04:00  INFO 27548 --- [admin] [http-nio-8080-exec-2] o.s.web.servlet.DispatcherServlet        : Completed initialization in 1 ms
